<?xml version="1.0" encoding="UTF-8"?>
<testsuite xmlns:xsi="http://www.w3.org/2001/XMLSchema-instance" xsi:noNamespaceSchemaLocation="https://maven.apache.org/surefire/maven-surefire-plugin/xsd/surefire-test-report-3.0.xsd" version="3.0" name="org.example.vikins.VikingTest" time="0.401" tests="13" errors="0" skipped="0" failures="0">
  <properties>
[...]
</properties>
  <testcase name="should_inherit_from_Soldier" classname="org.example.vikins.VikingTest" time="0.182"/>
  <testcase name="should_remove_the_received_damage_from_the_health_property" classname="org.example.vikins.VikingTest" time="0.029"/>
  <testcase name="attack_should_receive_0_arguments" classname="org.example.vikins.VikingTest" time="0.007"/>
  <testcase name="attack_should_return_strength_property_of_the_Vikings" classname="org.example.vikins.VikingTest" time="0.005"/>
  <testcase name="should_receive_the_health_property_as_its_1st_argument" classname="org.example.vikins.VikingTest" time="0.004"/>
  <testcase name="should_receive_the_health_property_as_its_2st_argument" classname="org.example.vikins.VikingTest" time="0.002"/>
  <testcase name="damage_should_receive_1_arguments" classname="org.example.vikins.VikingTest" time="0.002"/>
  <testcase name="should_receive_the_health_property_as_its_3st_argument" classname="org.example.vikins.VikingTest" time="0.002"/>
  <testcase name="should_return_NAME_has_died_in_act_of_combat_if_the_Viking_dies" classname="org.example.vikins.VikingTest" time="0.003"/>
  <testcase name="battleCry_should_receive_0_arguments" classname="org.example.vikins.VikingTest" time="0.003"/>
  <testcase name="should_return_Odin_Owns_You_All_" classname="org.example.vikins.VikingTest" time="0.002"/>
  <testcase name="should_receive_3_arguments" classname="org.example.vikins.VikingTest" time="0.003"/>
  <testcase name="should_return_NAME_has_received_DAMAGE_points_of_damage_if_the_Viking_is_still_alive" classname="org.example.vikins.VikingTest" time="0.004"/>
</testsuite>